06-10-2024 21:18:03 :: Rodando o bot pela 1a vez
06-10-2024 21:18:05 :: 

06-10-2024 21:18:05 :: ====== WebDriver manager ======
06-10-2024 21:18:05 :: Trying to download new driver from https://chromedriver.storage.googleapis.com/114.0.5735.90/chromedriver_win32.zip
06-10-2024 21:18:06 :: Driver has been saved in cache [C:\Users\fabio\.wdm\drivers\chromedriver\win32\114.0.5735.90]
06-10-2024 21:18:22 :: Rodando o bot pela 2a vez
06-10-2024 21:23:02 :: Rodando o bot pela 1a vez
06-10-2024 21:27:28 :: 

06-10-2024 21:27:28 :: ====== WebDriver manager ======
06-10-2024 21:27:28 :: Trying to download new driver from https://chromedriver.storage.googleapis.com/114.0.5735.90/chromedriver_win32.zip
06-10-2024 21:27:28 :: Driver has been saved in cache [C:\Users\fabio\.wdm\drivers\chromedriver\win32\114.0.5735.90]
06-10-2024 21:27:43 :: Rodando o bot pela 2a vez
06-10-2024 21:27:55 :: 

06-10-2024 21:27:55 :: ====== WebDriver manager ======
06-10-2024 21:27:55 :: Trying to download new driver from https://chromedriver.storage.googleapis.com/114.0.5735.90/chromedriver_win32.zip
06-10-2024 21:27:56 :: Driver has been saved in cache [C:\Users\fabio\.wdm\drivers\chromedriver\win32\114.0.5735.90]
06-10-2024 21:28:27 :: Rodando o bot pela 3a vez
06-10-2024 21:29:08 :: Rodando o bot pela 1a vez
06-10-2024 21:29:10 :: 

06-10-2024 21:29:10 :: ====== WebDriver manager ======
06-10-2024 21:29:10 :: Trying to download new driver from https://chromedriver.storage.googleapis.com/114.0.5735.90/chromedriver_win32.zip
06-10-2024 21:29:10 :: Driver has been saved in cache [C:\Users\fabio\.wdm\drivers\chromedriver\win32\114.0.5735.90]
